Unity Editor [version: Unity 5.2.3f1_f3d16a1fa2dd]

Unity.exe caused an Access Violation (0xc0000005)
  in module Unity.exe at 0033:4061ffd3.

Error occurred at 2015-12-08_165530.
C:\Program Files\Unity\Editor\Unity.exe, run by Lonsway.
40% memory in use.
14280 MB physical memory [8430 MB free].
42839 MB paging file [35585 MB free].
8388608 MB user address space [8386711 MB free].
Read from location 00000008 caused an access violation.

Context:
RDI:    0x123a8318  RSI: 0x123a8358  RAX:   0x123b8360
RBX:    0x123a8358  RCX: 0x00000000  RDX:   0x123a8318
RIP:    0x4061ffd3  RBP: 0x1acb8040  SegCs: 0x00000033
EFlags: 0x00010206  RSP: 0x0022ca70  SegSs: 0x0000002b
R8:    0x123a8318  R9: 0x123b8168  R10:   0x123b8248
R11:    0x123b8360  R12: 0x123a8958  R13:   0x00000000
R14:    0x00000000  R15: 0x00000000

Bytes at CS:EIP:
48 8b 41 08 49 89 43 08 4c 89 18 49 89 0b 4c 89 

Stack:
0x0022ca70: 1e732b90 00000000 ffffff01 ffffffff .+s.............
0x0022ca80: 00000000 00000000 00000000 00000000 ................
0x0022ca90: 1b0f9088 00000000 4062003e 00000001 ........>.b@....
0x0022caa0: 123a8358 00000000 123a8358 00000000 X.:.....X.:.....
0x0022cab0: 1b0f90d8 00000000 ffffff01 ffffffff ................
0x0022cac0: 123c1fe0 00000000 40621ada 00000001 ..<.......b@....
0x0022cad0: 123c1fe0 00000000 1b0f90b0 00000000 ..<.............
0x0022cae0: 123a8398 00000000 123a8358 00000000 ..:.....X.:.....
0x0022caf0: 123a8358 00000000 406226b7 00000001 X.:......&b@....
0x0022cb00: 1b0f90d8 00000000 123a8958 00000000 ........X.:.....
0x0022cb10: 123c1fe0 00000000 1b0f9088 00000000 ..<.............
0x0022cb20: 123a8518 00000000 123c1fe0 00000000 ..:.......<.....
0x0022cb30: 123a8918 00000000 40622b7c 00000001 ..:.....|+b@....
0x0022cb40: 1b0f9088 00000000 1b0f90d8 00000000 ................
0x0022cb50: 123a8318 00000000 123c1fe0 00000000 ..:.......<.....
0x0022cb60: 0022ce50 00000000 00000001 00000000 P.".............
0x0022cb70: 00000000 00000000 03c76490 00000000 .........d......
0x0022cb80: 1b0f9010 00000000 406232fc 00000001 .........2b@....
0x0022cb90: 123c1fe0 00000000 00000000 00000000 ..<.............
0x0022cba0: 123a8518 00000000 1b0f9010 00000000 ..:.............
0x0022cbb0: 123a8518 00000000 00000001 00000000 ..:.............
0x0022cbc0: 123b8248 00000000 406233b0 00000001 H.;......3b@....
0x0022cbd0: 00000028 00000000 123c1fe0 00000000 (.........<.....
0x0022cbe0: 123b8168 00000000 ffffff01 ffffffff h.;.............
0x0022cbf0: 00000000 00000000 40624678 00000001 ........xFb@....
0x0022cc00: 123c1fe0 00000000 123c1fe0 00000000 ..<.......<.....
0x0022cc10: 00000000 00000000 00000028 00000000 ........(.......
0x0022cc20: 0022cca0 00000000 123c1fe0 00000000 ..".......<.....
0x0022cc30: 00000000 00000000 03c76490 00000000 .........d......
0x0022cc40: 123c1fe0 00000000 00000028 00000000 ..<.....(.......
0x0022cc50: 0022cd20 00000000 40fe2581 00000001  ."......%.@....
0x0022cc60: 123c1fe0 00000000 088809d0 00000000 ..<.............
0x0022cc70: 00000000 00000000 00000008 00000001 ................
0x0022cc80: 00000002 00000001 00000000 00000000 ................
0x0022cc90: 80000000 80000000 bec82338 3f6ba1af ........8#....k?
0x0022cca0: b357e51a 3d4b31fa b44991e4 3e3db67c ..W..1K=..I.|.=>
0x0022ccb0: b49f17ef 3e95bc2c b495df4d 3e8d0e66 ....,..>M...f..>
0x0022ccc0: b43e6cd3 3e33393f b41aad3f 3e1193ff .l>.?93>?......>
0x0022ccd0: b3cc3f2c 3dc03b74 b2b802df 3cad2fe1 ,?..t;.=...../.<
0x0022cce0: b2d258a3 3cc5f912 34928b69 be89ec9f .X.....<i..4....
0x0022ccf0: 348eb5b7 be8650ac b3aa85b2 3da07dd5 ...4.P.......}.=
0x0022cd00: 33e3f21f bdd68986 00000000 3f800000 ...3...........?
0x0022cd10: 3f31c47a bf3836bb 00000000 00000000 z.1?.68.........
0x0022cd20: 088809d0 00000000 40401413 00000001 ..........@@....
0x0022cd30: 00000000 00000000 0022cdf0 00000000 ..........".....
0x0022cd40: 00000000 00000000 00000000 3f800000 ...............?
0x0022cd50: 123c1fe0 00000000 413d1204 00000001 ..<.......=A....
0x0022cd60: fffffffe ffffffff 9d1ece9c 000031fb .............1..
0x0022cd70: 1e732b90 00000000 ffffff01 ffffffff .+s.............
0x0022cd80: 0022d0c0 00000000 0000003c 00000000 ..".....<.......
0x0022cd90: 0000003a 00000000 088809d0 00000000 :...............
0x0022cda0: 0022ce59 00000000 40fe2f64 00000001 Y.".....d/.@....
0x0022cdb0: 088809d0 00000000 00000000 00000000 ................
0x0022cdc0: 00000000 00000000 088809d0 00000000 ................
0x0022cdd0: 80000000 80000000 bec82338 3f6ba1af ........8#....k?
0x0022cde0: b50d0c96 3f04c08d b50d0cb0 3f04c0a5 .......?.......?
0x0022cdf0: 00000000 00000000 0000003d bf269ddf ........=.....&.
0x0022ce00: 00000000 00000000 00000000 00000000 ................
0x0022ce10: 00000000 00000000 3a87f9e0 00000000 ...........:....
0x0022ce20: bf3836c7 3f31c46e b083126f 00000000 .68.n.1?o.......
0x0022ce30: 442d99d4 4433e57e a8800005 00000000 ..-D~.3D........
0x0022ce40: 00000000 00000000 fffffffe ffffffff ................
0x0022ce50: 2b880000 b5800001 ba831270 00000000 ...+....p.......
0x0022ce60: b5880000 3f800000 b083126f 00000000 .......?o.......
0x0022ce70: 447a0000 3a800000 a8800005 00000000 ..zD...:........
0x0022ce80: 00000000 00000000 00000000 3f800000 ...............?
0x0022ce90: 9d1ece2c 000031fb 9d1ece0c 000031fb ,....1.......1..
0x0022cea0: 088809d0 00000000 00000001 00000000 ................
0x0022ceb0: 00000000 00000000 40fdc175 00000001 ........u..@....
0x0022cec0: 00000001 00000000 00000000 00000000 ................
0x0022ced0: 00000001 00000000 088809d0 00000000 ................
0x0022cee0: 088809d0 00000000 40fdc40f 00000001 ...........@....
0x0022cef0: 00000000 00000000 0000003a 00000000 ........:.......
0x0022cf00: 00000103 00000000 00000000 00000000 ................
0x0022cf10: 3f800001 3f800000 4479ffff 00000000 ...?...?..yD....
0x0022cf20: 3f800001 3f800000 4479ffff 00000000 ...?...?..yD....
0x0022cf30: fffffffe ffffffff df67232d 000007fe ........-#g.....
0x0022cf40: 2b880000 b5800001 ba831270 00000000 ...+....p.......
0x0022cf50: b5880000 3f800000 b083126f 00000000 .......?o.......
0x0022cf60: 447a0000 3a800000 a8800005 00000000 ..zD...:........
0x0022cf70: 00000000 00000000 00000000 3f800000 ...............?
0x0022cf80: 088809d0 00000000 9d1ecd4c 000031fb ........L....1..
0x0022cf90: 0000003c 00000000 400259cf 00000001 <........Y.@....
0x0022cfa0: 00000000 00000000 00000000 00000000 ................
0x0022cfb0: 0681d780 00000000 08880820 00000000 ........ .......
0x0022cfc0: 00000000 00000000 0000003a 00000000 ........:.......
0x0022cfd0: 0022002b 00000000 1e732b90 00000000 +."......+s.....
0x0022cfe0: fffffffe ffffffff 05856590 00000000 .........e......
0x0022cff0: 0681d780 00000000 00000004 00000000 ................
0x0022d000: 08880380 00000000 400260a4 00000001 .........`.@....
0x0022d010: 00000040 00000000 088809d0 00000000 @...............
0x0022d020: 1e732b00 00000000 05856590 00000000 .+s......e......
0x0022d030: 0022d0c0 00000000 002b0033 0053002b ..".....3.+.+.S.
0x0022d040: 0886c680 00000000 4021ae34 00000001 ........4.!@....
0x0022d050: 00000000 00000000 03056aa0 00000000 .........j......
0x0022d060: 00000103 00000000 00000103 00000000 ................
0x0022d070: 0883c650 00000000 402d366a 00000001 P.......j6-@....
0x0022d080: 08880380 00000000 0022d6a8 00000000 ..........".....
0x0022d090: 0022e180 00000000 0022d710 00000000 ..".......".....
0x0022d0a0: 07a58bf0 00000000 03056aa0 00000000 .........j......
0x0022d0b0: fffffffe ffffffff 0886c680 00000000 ................
0x0022d0c0: 000186a0 00000000 00000103 00000000 ................
0x0022d0d0: 00000000 00000000 00000000 00000000 ................
0x0022d0e0: 00000103 00000000 034f7f68 00000000 ........h.O.....
0x0022d0f0: 034f7f60 00000000 402d35da 00000001 `.O......5-@....
0x0022d100: 00000000 00000000 00000000 00000001 ................
0x0022d110: 0022d280 00000000 07a58bf0 00000000 ..".............
0x0022d120: 00000001 00000000 00000000 00000000 ................
0x0022d130: 0022d3b8 00000000 0022d390 00000000 ..".......".....
0x0022d140: 0022d280 00000000 40014d33 00000001 ..".....3M.@....
0x0022d150: 0022d200 00000000 000032f0 00000001 .."......2......
0x0022d160: 0022d3b8 00000000 0022d390 00000000 ..".......".....
0x0022d170: 0886c680 00000000 402d67c0 00000001 .........g-@....
0x0022d180: 00000000 00000000 00000000 00000000 ................
0x0022d190: 088910d0 00000000 000000d4 00000000 ................
0x0022d1a0: 000000d4 00000000 400259cf 00000001 .........Y.@....
0x0022d1b0: 00000000 00000000 0681d780 00000000 ................
0x0022d1c0: 0681d780 00000000 40025ef0 00000001 .........^.@....
0x0022d1d0: 00000000 00000000 0000003a 00000000 ........:.......
0x0022d1e0: fffffffe ffffffff 00000000 00000000 ................
0x0022d1f0: fffffffe ffffffff 034722c0 00000000 ........."G.....
0x0022d200: 0681d780 00000000 00000001 00000000 ................
0x0022d210: 08890f70 00000000 400260a4 00000001 p........`.@....
0x0022d220: 00000010 00000000 088910d0 00000000 ................
0x0022d230: 0022e100 00000000 03056aa0 00000000 .."......j......
0x0022d240: 0022d2d0 00000000 0886c820 00000000 .."..... .......
0x0022d250: 0886c820 00000000 40cb14bf 00000001  ..........@....
0x0022d260: 00000000 00000000 03056aa0 00000000 .........j......
0x0022d270: 00000101 00000000 00000001 00000000 ................
0x0022d280: 0886c820 00000000 402d366a 00000001  .......j6-@....
0x0022d290: 08890f70 00000000 0022e260 00000000 p.......`.".....
0x0022d2a0: 0022e180 00000000 07a583b0 00000000 ..".............
0x0022d2b0: 9d1ed23c 000031fb 4001a982 00000001 <....1.....@....
0x0022d2c0: 00000000 00000000 00000000 00000000 ................
0x0022d2d0: 3c8ce477 00000000 00000000 00000000 w..<............
0x0022d2e0: 3d4ccccd 00000000 00000000 00000000 ..L=............
0x0022d2f0: 1e732b90 00000000 ffffff01 ffffffff .+s.............
0x0022d300: 00000000 00000000 0022e180 00000000 ..........".....
0x0022d310: 03056aa0 00000000 0022d6a8 00000000 .j........".....
0x0022d320: 0022d3b8 00000000 0022d540 00000000 ..".....@.".....
0x0022d330: 0022d440 00000000 402d6df8 00000001 @."......m-@....
0x0022d340: 3f800000 00000000 3f800000 00000000 ...?.......?....
0x0022d350: 0886c680 00000000 40032eef 00000001 ...........@....
0x0022d360: 00000000 00000000 00000000 00000000 ................
0x0022d370: fffffffe ffffffff 00000000 00000000 ................
0x0022d380: 00000000 00000000 00000000 00000000 ................
0x0022d390: be8d84d0 3f269ddd 3e8d84d0 3f269ddd ......&?...>..&?
0x0022d3a0: fffffffe ffffffff 00000000 00000000 ................
0x0022d3b0: 00000000 3f800000 be8d84d0 3f269ddd .......?......&?
0x0022d3c0: 3e8d84d0 3f269ddd 40336b71 00000001 ...>..&?qk3@....
0x0022d3d0: 3f800000 00000000 3f800000 00000000 ...?.......?....
0x0022d3e0: 3f800000 00000000 402d4788 00000001 ...?.....G-@....
0x0022d3f0: 3fb1c470 3fb836c6 00000000 00000000 p..?.6.?........
0x0022d400: 00000000 00000000 00000000 00000000 ................
0x0022d410: be8d84d0 3f269ddd 3e8d84d0 3f269ddd ......&?...>..&?
0x0022d420: 00000000 00000000 9d1ed06c 000031fb ........l....1..
0x0022d430: 1e732b90 00000000 ffffff01 ffffffff .+s.............
0x0022d440: 3c8ce477 00000000 00000000 00000000 w..<............
0x0022d450: 00000000 00000000 0886c680 00000000 ................
0x0022d460: 0022d700 00000000 0022d559 00000000 ..".....Y.".....
0x0022d470: 0022d540 00000000 40336be5 00000001 @."......k3@....
0x0022d480: 0022d540 00000000 00000000 00000000 @.".............
0x0022d490: 9d1ed0fc 000031fb 402d3955 00000001 .....1..U9-@....
0x0022d4a0: 00000000 00000000 0022e180 00000000 ..........".....
0x0022d4b0: 03056aa0 00000000 0022d6a8 00000000 .j........".....
0x0022d4c0: 0886c680 00000000 0022d700 00000000 ..........".....
0x0022d4d0: 0022d559 00000000 40eae42c 00000001 Y.".....,..@....
0x0022d4e0: 00000000 00000000 00000000 00000000 ................
0x0022d4f0: 00000000 00000000 00000000 00000000 ................
0x0022d500: 3c8ce477 00000000 00000000 00000000 w..<............
0x0022d510: 3d4ccccd 00000000 00000000 00000000 ..L=............
0x0022d520: 0022d4a8 c1425d92 c09dcf80 00000000 .."..]B.........
0x0022d530: 3fb1c470 3fb836c6 00000000 00000001 p..?.6.?........
0x0022d540: be8d84d0 3f269ddd 3e8d84d0 3f269ddd ......&?...>..&?
0x0022d550: 40b8abbc 3f300604 00000000 00000000 ...@..0?........
0x0022d560: 0022d6b0 00000000 40ead074 00000001 ..".....t..@....
0x0022d570: 0886c820 00000000 9d1ed75c 000031fb  .......\....1..
0x0022d580: 0022e260 00000000 4027d852 00000001 `.".....R.'@....
0x0022d590: 1e732b90 00000000 0022e260 00000000 .+s.....`.".....
0x0022d5a0: 05856590 00000000 1df62ba0 00000000 .e.......+......
0x0022d5b0: 0022d670 00000000 05906793 00000000 p."......g......
0x0022d5c0: 36b51320 00000000 0a212c3d 00000000  ..6....=,!.....
0x0022d5d0: 36b51938 00000000 1df62ba0 00000000 8..6.....+......
0x0022d5e0: 1df62ba0 00000000 0022d6a8 00000000 .+........".....
0x0022d5f0: 0022d700 00000000 36b51320 00000000 .."..... ..6....
0x0022d600: 01e20000 00000000 0a906710 00000000 .........g......
0x0022d610: 0a906640 00000000 058c085c 00000000 @f......\.......
0x0022d620: 01e20000 00000000 1df62ba0 00000000 .........+......
0x0022d630: 0022d670 00000000 0022d5c0 00000000 p.".......".....
0x0022d640: 0022e260 00000000 03056aa0 00000000 `."......j......
0x0022d650: 0022e180 00000000 00000000 00000000 ..".............
0x0022d660: 1e732b90 00000000 05856590 00000000 .+s......e......
0x0022d670: 0022d6d0 00000000 05906686 00000000 .."......f......
0x0022d680: 0a906640 00000000 05856590 00000000 @f.......e......
0x0022d690: 0022d6d0 00000000 1df62ba0 00000000 .."......+......
0x0022d6a0: 36b51320 00000000 00000000 3f800000  ..6...........?
0x0022d6b0: 00000000 c05f839d 01e20000 00000000 ......_.........
0x0022d6c0: 00000000 3f800000 00000000 c05f839d .......?......_.
0x0022d6d0: 0022ddf0 00000000 0a244626 00000000 ..".....&F$.....
0x0022d6e0: 0022ddf0 00000000 0a2445e0 00000000 .."......E$.....
0x0022d6f0: c12b6f14 c05c9178 00000000 00000000 .o+.x.\.........
0x0022d700: c12c2504 c05f839d 00000000 00000000 .%,..._.........
0x0022d710: 1e732b90 00000000 05856590 00000000 .+s......e......
0x0022d720: 0022ddf0 00000000 0a2424f5 00000000 .."......$$.....
0x0022d730: 00000000 00000000 00000000 00000000 ................
0x0022d740: 0022ddf0 00000000 0a2424f5 00000000 .."......$$.....
0x0022d750: 1df63360 00000000 0a218702 00000000 `3........!.....
0x0022d760: 40c3851f 40e8a3d7 00000000 00000000 ...@...@........
0x0022d770: 00000001 00000000 df6e8ed3 000007fe ..........n.....
0x0022d780: 36b51320 00000000 0a906710 00000000  ..6.....g......
0x0022d790: 0a906640 00000000 00000000 00000000 @f..............
0x0022d7a0: 00000000 ffffffff 1df63360 00000000 ........`3......
0x0022d7b0: 00000001 00000000 d70a3d71 401870a3 ........q=...p.@
0x0022d7c0: 36b51938 00000000 367a08c0 00000000 8..6......z6....
0x0022d7d0: 0022e180 00000004 00000000 00000000 ..".............
0x0022d7e0: c12b6f14 c05c9178 00000000 00000000 .o+.x.\.........
0x0022d7f0: c1425d92 c09dcf80 00000000 00000000 .]B.............
0x0022d800: 3697e736 00000000 3679c208 00000000 6..6......y6....
0x0022d810: 367b49d8 00000000 36b51320 00000000 .I{6.... ..6....
0x0022d820: 36b51910 00000000 00000000 00000000 ...6............
0x0022d830: 00000000 00000000 00000000 00000000 ................
0x0022d840: 00000000 00000000 36b51938 00000000 ........8..6....
0x0022d850: fffffffe 40041807 00000000 00000000 .......@........
0x0022d860: 00000000 00000000 00000000 00000000 ................
0x0022d870: 00000000 00000000 20000000 00004d58 ........... XM..
0x0022d880: 00000000 00000000 00000000 00000000 ................
0x0022d890: 00000000 00000000 00000000 00000000 ................
0x0022d8a0: 00000000 00000000 00000000 00000000 ................
0x0022d8b0: 00000000 00000000 00000000 00000000 ................
0x0022d8c0: 00000000 00000000 00000000 00000031 ............1...
0x0022d8d0: 00000000 00000000 00000000 00000000 ................
0x0022d8e0: bfb773f0 bfbe1b10 00000000 00000000 .s..............
0x0022d8f0: 00000000 00000000 00000000 00000000 ................
0x0022d900: 00000000 00000000 00000000 00000000 ................
0x0022d910: 00000000 00000000 00000000 00000000 ................
0x0022d920: 00000000 00000000 00000000 00000000 ................
0x0022d930: 00000000 00000000 00000000 00000000 ................
0x0022d940: 00000000 00000000 00000000 00000000 ................
0x0022d950: 01e20000 00000000 36983ae0 00000000 .........:.6....
0x0022d960: 00000000 00000000 40c3851f 40e8a3d7 ...........@...@
0x0022d970: 00000000 00000000 40c3851f 40e8a3d7 ...........@...@
0x0022d980: c1425d92 c09dcf80 00000000 00000000 .]B.............
0x0022d990: 00000000 00000000 00000000 ffffffff ................
0x0022d9a0: 00000000 00000000 00000000 00000000 ................
0x0022d9b0: 00000000 00000000 00000000 00000000 ................
0x0022d9c0: 00000000 00000000 00000000 00000000 ................
0x0022d9d0: 01e20000 00000000 367a0960 00000000 ........`.z6....
0x0022d9e0: 0000000f 00000000 00000000 00000000 ................
0x0022d9f0: 9d1edafc 000031fb 00000000 00000000 .....1..........
0x0022da00: 1e137f00 00000000 ffffff01 ffffffff ................
0x0022da10: 0022dac0 00000000 0a23a49d 00000000 ..".......#.....
0x0022da20: 36980e60 00000000 1df62ae0 00000000 `..6.....*......
0x0022da30: 1e137f00 00000000 00000000 00000000 ................
0x0022da40: 00000000 00000000 36980e60 00000000 ........`..6....
0x0022da50: 01e20000 00000000 0a906710 00000000 .........g......
0x0022da60: 0a906640 00000000 0a906710 00000000 @f.......g......
0x0022da70: 0a906640 00000000 1df62ae0 00000000 @f.......*......
0x0022da80: 0022dac0 00000000 0022da20 00000000 .."..... .".....
0x0022da90: 0022e260 00000000 03056aa0 00000000 `."......j......
0x0022daa0: 0022e180 00000000 4027d852 00000001 ..".....R.'@....
0x0022dab0: 1e137f00 00000000 3ca3d700 3d8f5c40 ...........<@\.=
0x0022dac0: c12bc0ff c0610c5a 00000000 00000000 ..+.Z.a.........
0x0022dad0: c12b6f14 c05c9178 00000000 00000000 .o+.x.\.........
0x0022dae0: c12b6f14 c05c9178 00000000 00000001 .o+.x.\.........
0x0022daf0: c12b6f14 c05c9178 00000000 00000000 .o+.x.\.........
0x0022db00: 36b51938 00000000 c12b6f14 c05c9178 8..6.....o+.x.\.
0x0022db10: 00000000 00000000 c12b6f14 c05c9178 .........o+.x.\.
0x0022db20: 00000000 00000000 bfb773f0 bfbe1b10 .........s......
0x0022db30: 00000000 00000000 bf31c46e bf3836c5 ........n.1..68.
0x0022db40: 00000000 00000000 bd35f040 bd3c8950 ........@.5.P.<.
0x0022db50: 00000000 00000000 c12c2504 c05f839d .........%,..._.
0x0022db60: 00000000 00000000 c12c2504 c05f839d .........%,..._.
0x0022db70: 00000000 3fb99999 36b51370 00000000 .......?p..6....
0x0022db80: 36c28380 00000000 36b51348 00000000 ...6....H..6....
0x0022db90: 01e20000 00000000 0a906710 00000000 .........g......
0x0022dba0: 0a906640 00000000 00000000 000031fb @f...........1..
0x0022dbb0: c1425d92 c09dcf80 1df63620 00000000 .]B..... 6......
0x0022dbc0: 0022dc00 00000000 0022db60 00000000 ..".....`.".....
0x0022dbd0: 0022e260 00000000 03056aa0 00000000 `."......j......
0x0022dbe0: 00000000 00000000 00000000 00000000 ................
0x0022dbf0: 3bd27540 01010000 01e20000 00000000 @u.;............
0x0022dc00: 0022dc40 00000000 058c620f 00000000 @."......b......
0x0022dc10: 0022e260 00000000 03056aa0 00000000 `."......j......
0x0022dc20: 0022e180 00000000 00000000 00000000 ..".............
0x0022dc30: 00000000 00000000 01e20000 00000000 ................
0x0022dc40: 0022ddf0 00000000 0a23eb75 00000000 ..".....u.#.....
0x0022dc50: 0022dd40 00000000 36b51870 00000000 @.".....p..6....
0x0022dc60: 01e20000 00000000 0a906710 00000000 .........g......
0x0022dc70: 0a906640 00000000 00000000 00000000 @f..............
0x0022dc80: 0022e260 00000000 1df62e20 00000000 `."..... .......
0x0022dc90: 0022dcd0 00000000 00000000 00000000 ..".............
0x0022dca0: 40c3851f 40e8a3d7 00000000 00000000 ...@...@........
0x0022dcb0: 01e20000 00000000 00000000 00000000 ................
0x0022dcc0: c12bc0ff c0610c5a 00000000 00000000 ..+.Z.a.........
0x0022dcd0: c1425d92 c09dcf80 00000000 00000000 .]B.............
0x0022dce0: c1425d92 c09dcf80 00000000 00000000 .]B.............
0x0022dcf0: 3fb4e498 3fb5254c 00000000 00000000 ...?L%.?........
0x0022dd00: c1425d92 c09dcf80 00000000 00000000 .]B.............
0x0022dd10: 00000000 00000000 3f800000 00000000 ...........?....
0x0022dd20: 00000000 00000000 3dcccccd 00000000 ...........=....
0x0022dd30: c1425d92 c09dcf80 3dcccccd 00000000 .]B........=....
0x0022dd40: c1425d92 c09dcf80 3ca3d700 3d8f5c40 .]B........<@\.=
0x0022dd50: 00000000 3fb5254b 3ca3d700 3d8f5c40 ....K%.?...<@\.=
0x0022dd60: 00000000 c0610c5a c12b6f14 c05c9178 ....Z.a..o+.x.\.
0x0022dd70: 00000000 00000000 c12b6f14 c05c9178 .........o+.x.\.
0x0022dd80: 00000000 00000000 c1425d92 c09dcf80 .........]B.....
0x0022dd90: 00000000 c0610c5a c1425d92 c09dcf80 ....Z.a..]B.....
0x0022dda0: 00000000 00000000 0a8d0080 00000000 ................
0x0022ddb0: c1425d92 c09dcf80 0a8d0274 00000000 .]B.....t.......
0x0022ddc0: 0a8ee650 00000000 00000000 00000000 P...............
0x0022ddd0: c12bc0ff c0610c5a 367a5b80 00000000 ..+.Z.a..[z6....
0x0022dde0: 01e20000 00000000 00000000 00000000 ................
0x0022ddf0: 0022de80 00000000 05856692 00000000 .."......f......
0x0022de00: 00000020 00000000 02250000 00000000  .........%.....
0x0022de10: 00000018 00000000 df67232d 000007fe ........-#g.....
0x0022de20: 0a241e80 00000000 0022e260 00000000 ..$.....`.".....
0x0022de30: 0022e180 00000000 367a08c0 00000000 ..".......z6....
0x0022de40: 00000000 00000000 00000000 00000000 ................
0x0022de50: 01e20000 00000000 df67228b 000007fe ........."g.....
0x0022de60: 1e732b90 00000000 1e732b90 00000000 .+s......+s.....
0x0022de70: 05856590 00000000 0022dec0 00000000 .e........".....
0x0022de80: 0022dec0 00000000 df794087 000007fe .."......@y.....
0x0022de90: 1df62ba0 00000000 00000000 00000000 .+..............
0x0022dea0: 1df62ba0 00000000 1e732b90 00000000 .+.......+s.....
0x0022deb0: 06ac8310 00000000 40003844 00000001 ........D8.@....
0x0022dec0: 03056aa0 00000000 00000000 00000000 .j..............
0x0022ded0: 00000002 00000000 1df62ba0 00000000 .........+......
0x0022dee0: 2c9efa70 00000000 367a08c0 00000000 p..,......z6....
0x0022def0: 0022e260 00000000 0022e180 00000000 `.".......".....
0x0022df00: 00000001 00000000 00000001 00000000 ................
0x0022df10: 00000000 00000000 00000000 00000000 ................
0x0022df20: 00000018 00000000 0022dd70 00000000 ........p.".....
0x0022df30: 367a08c0 00000000 df7e8535 000007fe ..z6....5.~.....
0x0022df40: 00000002 00000000 0022dfb0 00000000 ..........".....
0x0022df50: 0022e180 00000000 3680a0a0 00000000 .."........6....
0x0022df60: 00000000 00000000 df7d5d6d 000007fe ........m]}.....
0x0022df70: 20b65800 00000000 00000000 00000000 .X. ............
0x0022df80: 00000002 00000003 df67c1ed 000007fe ..........g.....
0x0022df90: 20b65800 00000000 df67759c 000007fe .X. .....ug.....
0x0022dfa0: 00000000 00000000 01e20000 00000000 ................
0x0022dfb0: 00000000 442cc000 00000000 00000000 ......,D........
0x0022dfc0: 0022e020 00000000 df674c69 000007fe  .".....iLg.....
0x0022dfd0: 0a962c00 00000000 0022e180 00000000 .,........".....
0x0022dfe0: 0022e180 00000000 0022e020 00000000 .."..... .".....
0x0022dff0: 1e732b90 00000000 df6b8141 000007fe .+s.....A.k.....
0x0022e000: 9d21776d 000031fb 0022e180 00000000 mw!..1....".....
0x0022e010: 0a940330 00000000 00000001 00000000 0...............
0x0022e020: 00000001 00000000 00000000 00000000 ................
0x0022e030: 00000000 00000000 0022e260 00000000 ........`.".....
0x0022e040: 0022e180 00000000 1e732b90 00000000 .."......+s.....
0x0022e050: 367a08c0 00000000 df6e83dd 000007fe ..z6......n.....
0x0022e060: 1e732b90 00000000 4048d0a8 00000001 .+s.......H@....
0x0022e070: 00000000 00000000 00000000 00000000 ................
0x0022e080: 0022e130 00000000 402a626f 00000001 0.".....ob*@....
0x0022e090: 0022e260 00000000 0022e0e0 00000000 `.".......".....
0x0022e0a0: 367a08c0 00000000 00000000 00000000 ..z6............
0x0022e0b0: 0022e2b0 00000000 40462b7f 00000001 .."......+F@....
0x0022e0c0: ffffffff 00000000 0022e1c0 00000000 ..........".....
0x0022e0d0: 0022e260 00000000 00000000 00000000 `.".............
0x0022e0e0: 1e732b90 00000000 ffffff01 ffffffff .+s.............
0x0022e0f0: 1e4a3090 00000000 1e4a3090 00000000 .0J......0J.....
0x0022e100: 0a1f5e90 00000000 0022e150 00000000 .^......P.".....
0x0022e110: 0022e150 00000000 df794096 000007fe P."......@y.....
0x0022e120: fffffffe ffffffff 00000000 00000000 ................
0x0022e130: 00000000 00000000 00000000 00000000 ................
0x0022e140: 00000000 00000000 00000000 00000000 ................
0x0022e150: 00000000 00000000 00000000 00000000 ................
0x0022e160: 00000000 00000000 00000000 00000000 ................
0x0022e170: 00000000 00000000 00000000 00000000 ................
0x0022e180: 00000000 00000000 00000000 00000000 ................
0x0022e190: 00000000 00000000 00000000 00000000 ................
0x0022e1a0: 00000000 00000000 00000000 00000000 ................
0x0022e1b0: 00000000 00000000 00000000 00000000 ................
0x0022e1c0: 00000000 00000000 00000000 00000000 ................
0x0022e1d0: 00000000 00000000 00000000 00000000 ................
0x0022e1e0: 00000000 00000000 00000000 00000000 ................
0x0022e1f0: 00000000 00000000 00000000 00000000 ................
0x0022e200: 9d1ee37c 000031fb 00000000 00000000 |....1..........
0x0022e210: 00000000 00000000 00000000 00000000 ................
0x0022e220: 0022e3d0 00000000 404627e7 00000001 .."......'F@....
0x0022e230: 00000000 00000000 0022e2a0 00000000 ..........".....
0x0022e240: 088567c0 00000000 00000000 00000000 .g..............
0x0022e250: 088567c0 00000000 40282641 00000001 .g......A&(@....
0x0022e260: 00000000 00000000 00000000 00000000 ................
0x0022e270: 0022e4e0 00000000 4014a51b 00000001 .."........@....
0x0022e280: 1e4a3090 00000000 df6b8141 000007fe .0J.....A.k.....
0x0022e290: 0a906820 00000000 0022e4e0 00000000  h........".....
0x0022e2a0: 1e732b90 00000000 ffffff01 ffffffff .+s.............
0x0022e2b0: 422ad9f8 00000001 1e732b90 00000000 ..*B.....+s.....
0x0022e2c0: ffffff01 ffffffff 367a08c0 00000000 ..........z6....
0x0022e2d0: 00003248 00000000 00000000 00000000 H2..............
0x0022e2e0: 3ca30101 00000000 00000000 00000000 ...<............
0x0022e2f0: 3ca3d70a 00000000 00000000 00000000 ...<............
0x0022e300: 367a08c0 00000000 402866a2 00000001 ..z6.....f(@....
0x0022e310: 088567c0 00000000 00000000 00000000 .g..............
0x0022e320: 00000000 00000000 00000000 00000000 ................
0x0022e330: fffffffe ffffffff 0022e420 00000000 ........ .".....
0x0022e340: 0022e450 00000000 4046215c 00000001 P.".....\!F@....
0x0022e350: 0348b1b0 00000000 40246be5 00000001 ..H......k$@....
0x0022e360: 088567c0 00000000 03e5d8c0 00000000 .g..............
0x0022e370: 00000000 00000000 00000000 00000000 ................
0x0022e380: fffffffe ffffffff cdbfcd73 00000006 ........s.......
0x0022e390: 00000000 00000000 07f3d8a0 00000000 ................
0x0022e3a0: fffffffe ffffffff 073bdfc0 00000000 ..........;.....
0x0022e3b0: 08859680 00000000 03919d50 00000000 ........P.......
0x0022e3c0: 08856880 00000000 00000000 00000000 .h..............
0x0022e3d0: 00000000 00000000 40383219 00000001 .........28@....
0x0022e3e0: cdbfce18 00000006 07f3d8a0 00000000 ................
0x0022e3f0: 00000000 00000000 00000001 00000000 ................
0x0022e400: 0022e470 00000000 40461e71 00000001 p.".....q.F@....
0x0022e410: 430f5790 00000001 03c86320 00000000 .W.C.... c......
0x0022e420: 00000000 00000000 0022de00 00000000 ..........".....
0x0022e430: 43146844 00000001 41224601 00000001 Dh.C.....F"A....
0x0022e440: fffffffe ffffffff 00000000 00000000 ................
0x0022e450: 422ad650 00000001 1e4a3090 00000000 P.*B.....0J.....
0x0022e460: 0022de00 00000000 00000000 00000000 ..".............
0x0022e470: 00000000 00000001 00000000 00000000 ................
0x0022e480: 00220101 00000000 00000000 00000000 ..".............
0x0022e490: 00000001 00000000 00000000 00000000 ................
0x0022e4a0: 00000000 00000000 00000000 00000000 ................
0x0022e4b0: 00000000 00000000 00000000 00000000 ................
0x0022e4c0: 00000000 00000000 00000000 00000000 ................
0x0022e4d0: 00000000 00000000 00000000 00000000 ................
0x0022e4e0: 0022e490 00000000 00000000 00000000 ..".............
0x0022e4f0: 00000000 00000000 00000000 00000000 ................
0x0022e500: 00000000 00000000 00000000 00000000 ................
0x0022e510: 00000000 00000000 00000000 00000000 ................
0x0022e520: 00000000 00000000 00000000 00000000 ................
0x0022e530: 00000001 00000000 00000000 00000000 ................
0x0022e540: 00000000 00000000 00000000 00000000 ................
0x0022e550: 00000000 00000000 00000001 00000000 ................
0x0022e560: 00000000 00000000 9d1ee05c 000031fb ........\....1..
0x0022e570: 00000001 00000000 cdbf09ad 00000006 ................
0x0022e580: 00000001 00000000 07a48501 00000000 ................
0x0022e590: 07f3d8a0 00000000 40c78876 00000001 ........v..@....
0x0022e5a0: 00000000 00000000 07a48550 00000000 ........P.......
0x0022e5b0: 07a48501 00000000 00000001 00000000 ................
0x0022e5c0: fffffffe ffffffff 00000008 00000000 ................
0x0022e5d0: fffffffe ffffffff 00000061 00000001 ........a.......
0x0022e5e0: fffffffe ffffffff 00000061 00000000 ........a.......
0x0022e5f0: 447a0000 00000000 00000000 00000000 ..zD............
0x0022e600: 3d4ccccd 00000000 00000000 00000000 ..L=............
0x0022e610: 3e19999a 00000000 00000000 00000000 ...>............
0x0022e620: 00000000 00000000 cdbf09ad 00000006 ................
0x0022e630: 00000002 00000000 07a48550 00000000 ........P.......
0x0022e640: 00000001 00000000 40c7ad79 00000001 ........y..@....
0x0022e650: 07a48550 00000000 07a589f0 00000000 P...............
0x0022e660: 0022e790 00000000 00000000 00000000 ..".............
0x0022e670: fffffffe ffffffff 00000002 00000000 ................
0x0022e680: 00000000 00000000 40c81e4a 00000001 ........J..@....
0x0022e690: 00000000 00000000 00000000 00000000 ................
0x0022e6a0: 00000001 00000000 07a48550 00000000 ........P.......
0x0022e6b0: 0022e798 00000000 00000200 00000000 ..".............
0x0022e6c0: 00981ff8 00000000 00000000 00000000 ................
0x0022e6d0: 00000000 00000000 fffffffe ffffffff ................
0x0022e6e0: 0022e7c8 00000000 9d1ee53c 000031fb ..".....<....1..
0x0022e6f0: 00000000 00000000 00120862 00000000 ........b.......
0x0022e700: 00000000 00000000 00000200 00000000 ................
0x0022e710: 00000000 00000000 00000000 00000000 ................
0x0022e720: 00000200 00000000 00000000 00000000 ................
0x0022e730: 00000000 00000000 77269bef 00000000 ..........&w....
0x0022e740: 0022e939 00000000 00000001 00000000 9.".............
0x0022e750: 00000000 00000000 00000000 00000000 ................
0x0022e760: 77260101 00000000 0022e7d8 00000000 ..&w......".....
0x0022e770: 00000001 00000000 00000000 00000000 ................
0x0022e780: 00000000 00000000 f7a3d630 000007fe ........0.......
0x0022e790: 00000048 00000000 00000001 00000000 H...............
0x0022e7a0: 00000000 00000000 00000000 00000000 ................
0x0022e7b0: 00000070 00000000 ffffffff ffffffff p...............
0x0022e7c0: ffffffff ffffffff 77269b43 00000000 ........C.&w....
0x0022e7d0: 77269bef 00000000 0022e939 00000000 ..&w....9.".....
0x0022e7e0: 00000000 00000000 00000001 00000000 ................
0x0022e7f0: 00000000 00000000 772698da 00000000 ..........&w....
0x0022e800: 0022e8b0 00000000 40e211b0 00000001 .."........@....
0x0022e810: 000e0f36 00000000 4005c12d 00000001 6.......-..@....
0x0022e820: 00000000 00000000 000302d4 00000000 ................
0x0022e830: 00981ff8 00000000 00000001 00000000 ................
0x0022e840: 9d1ee52c 000031fb 40af5788 00000001 ,....1...W.@....
0x0022e850: e826d695 3e112e0b 00000000 00000000 ..&....>........
0x0022e860: 00000000 43f00000 00000000 00000000 .......C........
0x0022e870: 0022e939 00000000 40e3f1e4 00000001 9."........@....
0x0022e880: 00000000 00000000 00000000 00000000 ................
0x0022e890: 00000000 00000000 000e0f36 00000000 ........6.......
0x0022e8a0: 00000001 00000000 00000000 00000000 ................
0x0022e8b0: 00120862 00000000 00000000 00000000 b...............
0x0022e8c0: 00000000 00000000 000302d4 00000000 ................
0x0022e8d0: 00864896 0000039f 0000004b 00000000 .H......K.......
0x0022e8e0: 00120862 00000000 00000200 00000000 b...............
0x0022e8f0: 00000000 00000000 000302d4 00000000 ................
0x0022e900: 00864896 0000039f 0000004b 00000000 .H......K.......
0x0022e910: 00000000 00000000 00000000 00000000 ................
0x0022e920: 00000000 00000000 40714068 00000001 ........h@q@....
0x0022e930: fffffffe ffffffff 42233fb8 00000001 .........?#B....
0x0022e940: 00000000 00000000 00000000 00000000 ................
0x0022e950: 00000000 00000000 00000000 00000000 ................
0x0022e960: 00000000 00000000 00000000 00000000 ................
0x0022e970: 00000000 00000000 00000000 00000000 ................
0x0022e980: 00000000 00000000 00000000 00000000 ................
0x0022e990: 0022eaa0 00000000 40e4079b 00000001 .."........@....
0x0022e9a0: 00000000 00000000 03467600 00000000 .........vF.....
0x0022e9b0: 00000000 00000000 00091028 00000000 ........(.......
0x0022e9c0: 03461800 00000000 00000000 00170016 ..F.............
0x0022e9d0: 00190018 001b001a 001d001c 001f001e ................
0x0022e9e0: 00000000 00000000 00250024 00270026 ........$.%.&.'.
0x0022e9f0: 00290028 002b002a 033f4f40 00000000 (.).*.+.@O?.....
0x0022ea00: 033f4f48 00000000 033f4f48 00000000 HO?.....HO?.....
0x0022ea10: 00390038 003b003a 033fa5c0 00000000 8.9.:.;...?.....
0x0022ea20: 033fa638 00000000 033fa638 00000000 8.?.....8.?.....
0x0022ea30: fffd3000 000007ff 75746500 696c6e72 .0.......eturnli
0x0022ea40: 736e6563 00000065 00000000 00000000 cense...........
0x0022ea50: 0000000f 00000000 00000000 00000000 ................
0x0022ea60: 00000000 00000000 2e766572 00676f6c ........rev.log.

Module 1
C:\Windows\system32\xinput1_3.dll
Image Base: 0x00400000  Image Size: 0x0001e000
File Size:  107368      File Time:  2007-04-04_205422
Version:
   Company:    Microsoft Corporation
   Product:    Microsoft® DirectX for Windows®
   FileDesc:   Microsoft Common Controller API
   FileVer:    9.18.944.0
   ProdVer:    9.18.944.0

Module 2
C:\Windows\system32\ATL100.DLL
Image Base: 0x6fc80000  Image Size: 0x0002b000
File Size:  158536      File Time:  2011-06-11_031538
Version:
   Company:    Microsoft Corporation
   Product:    Microsoft® Visual Studio® 10
   FileDesc:   ATL Module for Windows
   FileVer:    10.0.40219.325
   ProdVer:    10.0.40219.325

Module 3
C:\Fraps\fraps64.dll
Image Base: 0x703b0000  Image Size: 0x00034000
File Size:  186552      File Time:  2013-02-26_013410
Version:
   Company:    Beepa P/L
   Product:    FRAPS
   FileDesc:   Fraps
   FileVer:    3.5.99.15618
   ProdVer:    3.5.99.15618

Module 4
C:\Windows\system32\MSVCP100.dll
Image Base: 0x74e50000  Image Size: 0x00098000
File Size:  608080      File Time:  2011-06-11_031538
Version:
   Company:    Microsoft Corporation
   Product:    Microsoft® Visual Studio® 2010
   FileDesc:   Microsoft® C Runtime Library
   FileVer:    10.0.40219.325
   ProdVer:    10.0.40219.325

Module 5
C:\Windows\system32\ksuser.dll
Image Base: 0x74ef0000  Image Size: 0x00006000
File Size:  5120        File Time:  2009-07-13_204114
Version:
   Company:    Microsoft Corporation
   Product:    Microsoft® Windows® Operating System
   FileDesc:   User CSA Library
   FileVer:    6.1.7600.16385
   ProdVer:    6.1.7600.16385

Module 6
C:\Windows\system32\MSVCR100.dll
Image Base: 0x75090000  Image Size: 0x000d2000
File Size:  829264      File Time:  2011-06-11_031538
Version:
   Company:    Microsoft Corporation
   Product:    Microsoft® Visual Studio® 2010
   FileDesc:   Microsoft® C Runtime Library
   FileVer:    10.0.40219.325
   ProdVer:    10.0.40219.325

Module 7
C:\Windows\system32\USER32.dll
Image Base: 0x77250000  Image Size: 0x000fa000
File Size:  1008128     File Time:  2010-11-20_082728
Version:
   Company:    Microsoft Corporation
   Product:    Microsoft® Windows® Operating System
   FileDesc:   Multi-User Windows USER API Client DLL
   FileVer:    6.1.7601.17514
   ProdVer:    6.1.7601.17514

Module 8
C:\Windows\system32\kernel32.dll
Image Base: 0x77350000  Image Size: 0x00120000
File Size:  1164800     File Time:  2015-10-19_200542
Version:
   Company:    Microsoft Corporation
   Product:    Microsoft® Windows® Operating System
   FileDesc:   Windows NT BASE API Client DLL
   FileVer:    6.1.7601.19045
   ProdVer:    6.1.7601.19045

Module 9
C:\Windows\SYSTEM32\ntdll.dll
Image Base: 0x77470000  Image Size: 0x001a9000
File Size:  1730496     File Time:  2015-10-19_200906
Version:
   Company:    Microsoft Corporation
   Product:    Microsoft® Windows® Operating System
   FileDesc:   NT Layer DLL
   FileVer:    6.1.7601.19045
   ProdVer:    6.1.7601.19045

Module 10
C:\Windows\system32\Normaliz.dll
Image Base: 0x77630000  Image Size: 0x00003000
File Size:  2560        File Time:  2009-07-13_203142
Version:
   Company:    Microsoft Corporation
   Product:    Microsoft® Windows® Operating System
   FileDesc:   Unicode Normalization DLL
   FileVer:    6.1.7600.16385
   ProdVer:    6.1.7600.16385

Module 11
C:\Windows\system32\PSAPI.DLL
Image Base: 0x77640000  Image Size: 0x00007000
File Size:  9216        File Time:  2009-07-13_204154
Version:
   Company:    Microsoft Corporation
   Product:    Microsoft® Windows® Operating System
   FileDesc:   Process Status Helper
   FileVer:    6.1.7600.16385
   ProdVer:    6.1.7600.16385


== [end of error.log] ==
